--- JUNOS 12.3-20140528_acx_x54_s4.0 built 2014-05-28 18:14:01 UTC

iometrix@node-l> 

iometrix@node-l> 

iometrix@node-l> edit 
Entering configuration mode
Users currently editing the configuration:
  root terminal u0 (pid 30756) on since 2015-10-18 20:07:13 PDT, idle 1w2d 17:00
      [edit]

[edit]
iometrix@node-l# edit groups global 

[edit groups global]
iometrix@node-l# save grp-global-original.conf 
Wrote 335 lines of configuration to 'grp-global-original.conf'

[edit groups global]
iometrix@node-l# exit 

[edit]
iometrix@node-l# exit 
Exiting configuration mode

iometrix@node-l> ftp 172.29.97.130 
ftp: connect: Operation timed out
