--- JUNOS 12.3X54-D15.3 built 2014-11-29 23:21:25 UTC

iometrix@acx1k-r> 

iometrix@acx1k-r> 

iometrix@acx1k-r> edit 
Entering configuration mode

[edit]
iometrix@acx1k-r# edit groups global 

[edit groups global]
iometrix@acx1k-r# save grp-global-original.conf 
Wrote 335 lines of configuration to 'grp-global-original.conf'

[edit groups global]
iometrix@acx1k-r# exit 

[edit]
iometrix@acx1k-r# exit 
Exiting configuration mode

iometrix@acx1k-r> ftp 172.29.97.135 
Connected to 172.29.97.135.
220-FileZilla Server version 0.9.48 beta
220-written by Tim Kosse (tim.kosse@filezilla-project.org)
220 Please visit http://sourceforge.net/projects/filezilla/
Name (172.29.97.135:iometrix): iometrix
331 Password required for iometrix
Password:
230 Logged on
Remote system type is UNIX.
ftp> binary
200 Type set to I
ftp> get  ./group-global-acx-r.conf group-global-acx-r.conf
local: group-global-acx-r.conf remote: ./group-global-acx-r.conf
200 Port command successful
150 Opening data channel for file download from server of "/group-global-acx-r.conf"
100% |****************************************|   986       00:00 ETA
226 Successfully transferred "/group-global-acx-r.conf"
986 bytes received in 0.05 seconds (18.58 KB/s)
ftp> get  ./group-member0-acx-r.conf group-member0-acx-r.conf
local: group-member0-acx-r.conf remote: ./group-member0-acx-r.conf
200 Port command successful
150 Opening data channel for file download from server of "/group-member0-acx-r.conf"
100% |****************************************|   189       00:00 ETA
226 Successfully transferred "/group-member0-acx-r.conf"
189 bytes received in 0.06 seconds (3.09 KB/s)
ftp> get ./E-LAN/eplan-4-acx-r.conf eplan-4-acx-r.conf
local: eplan-4-acx-r.conf remote: ./E-LAN/eplan-4-acx-r.conf
200 Port command successful
150 Opening data channel for file download from server of "/E-LAN/eplan-4-acx-r.conf"
100% |****************************************| 13614       00:00 ETA
226 Successfully transferred "/E-LAN/eplan-4-acx-r.conf"
13614 bytes received in 0.09 seconds (150.30 KB/s)
ftp> quit
221 Goodbye

iometrix@acx1k-r> edit 
Entering configuration mode

[edit]
iometrix@acx1k-r# load update eplan-4-acx-r.conf 
load complete

[edit]
iometrix@acx1k-r# load replace grp-global-original.conf 
load complete

[edit]
iometrix@acx1k-r# edit groups global 

[edit groups global]
iometrix@acx1k-r# load merge relative group-global-acx-r.conf 
load complete

[edit groups global]
iometrix@acx1k-r# exit 

[edit]
iometrix@acx1k-r# edit groups re0 

[edit groups re0]
iometrix@acx1k-r# load update relative group-member0-acx-r.conf 
load complete

[edit groups re0]
iometrix@acx1k-r# exit 

[edit]
iometrix@acx1k-r# set apply-groups global 

[edit]
iometrix@acx1k-r# set apply-groups re0 

[edit]
iometrix@acx1k-r# commit 
commit complete

[edit]
