--- JUNOS 12.3-20140528_acx_x54_s4.0 built 2014-05-28 18:14:01 UTC

iometrix@node-l> 

iometrix@node-l> edit 
Entering configuration mode
Users currently editing the configuration:
  root terminal u0 (pid 30756) on since 2015-10-18 20:07:13 PDT, idle 1w2d 17:01
      [edit]

[edit]
iometrix@node-l# save evplan-1-acx-l.conf 
Wrote 450 lines of configuration to 'evplan-1-acx-l.conf'

[edit]
iometrix@node-l# exit 
Exiting configuration mode

iometrix@node-l> ftp 172.29.96.191 
Connected to 172.29.96.191.
220-FileZilla Server version 0.9.48 beta
220-written by Tim Kosse (tim.kosse@filezilla-project.org)
220 Please visit http://sourceforge.net/projects/filezilla/
Name (172.29.96.191:iometrix): iometrix
331 Password required for iometrix
Password:
230 Logged on
Remote system type is UNIX.
ftp> binary
200 Type set to I
ftp> cd  ./tested/E-LAN
250 CWD successful. "/tested/E-LAN" is current directory.
ftp> put evplan-1-acx-l.conf evplan-1-acx-l.conf
local: evplan-1-acx-l.conf remote: evplan-1-acx-l.conf
200 Port command successful
150 Opening data channel for file upload to server of "/tested/E-LAN/evplan-1-acx-l.conf"
100% |****************************************| 13528       00:00 ETA
226 Successfully transferred "/tested/E-LAN/evplan-1-acx-l.conf"
13528 bytes sent in 0.10 seconds (129.80 KB/s)
--- JUNOS 12.3-20140528_acx_x54_s4.0 built 2014-05-28 18:14:01 UTC

iometrix@node-l> 

iometrix@node-l> 

iometrix@node-l> edit 
Entering configuration mode
Users currently editing the configuration:
  root terminal u0 (pid 30756) on since 2015-10-18 20:07:13 PDT, idle 1w2d 17:01
      [edit]

[edit]
iometrix@node-l# edit groups global 

[edit groups global]
iometrix@node-l# save grp-global-original.conf 
Wrote 335 lines of configuration to 'grp-global-original.conf'

[edit groups global]
iometrix@node-l# exit 

[edit]
iometrix@node-l# exit 
Exiting configuration mode

iometrix@node-l> ftp 172.29.96.191 
Connected to 172.29.96.191.
220-FileZilla Server version 0.9.48 beta
220-written by Tim Kosse (tim.kosse@filezilla-project.org)
220 Please visit http://sourceforge.net/projects/filezilla/
Name (172.29.96.191:iometrix): iometrix
331 Password required for iometrix
Password:
230 Logged on
Remote system type is UNIX.
ftp> binary
200 Type set to I
ftp> get  ./group-global-acx-l.conf group-global-acx-l.conf
local: group-global-acx-l.conf remote: ./group-global-acx-l.conf
200 Port command successful
150 Opening data channel for file download from server of "/group-global-acx-l.conf"
100% |****************************************|   986       00:00 ETA
226 Successfully transferred "/group-global-acx-l.conf"
986 bytes received in 0.06 seconds (16.02 KB/s)
ftp> get  ./group-member0-acx-l.conf group-member0-acx-l.conf
local: group-member0-acx-l.conf remote: ./group-member0-acx-l.conf
200 Port command successful
150 Opening data channel for file download from server of "/group-member0-acx-l.conf"
100% |****************************************|   188       00:00 ETA
226 Successfully transferred "/group-member0-acx-l.conf"
188 bytes received in 0.05 seconds (3.72 KB/s)
ftp> get ./E-LAN/evplan-1-acx-l.conf evplan-1-acx-l.conf
local: evplan-1-acx-l.conf remote: ./E-LAN/evplan-1-acx-l.conf
200 Port command successful
150 Opening data channel for file download from server of "/E-LAN/evplan-1-acx-l.conf"
100% |****************************************|  9161       00:00 ETA
226 Successfully transferred "/E-LAN/evplan-1-acx-l.conf"
9161 bytes received in 0.10 seconds (88.77 KB/s)
ftp> quit
221 Goodbye

iometrix@node-l> edit 
Entering configuration mode
Users currently editing the configuration:
  root terminal u0 (pid 30756) on since 2015-10-18 20:07:13 PDT, idle 1w2d 17:01
      [edit]

[edit]
iometrix@node-l# load update evplan-1-acx-l.conf 
load complete

[edit]
iometrix@node-l# load replace grp-global-original.conf 
load complete

[edit]
iometrix@node-l# edit groups global 

[edit groups global]
iometrix@node-l# load merge relative group-global-acx-l.conf 
load complete

[edit groups global]
iometrix@node-l# exit 

[edit]
iometrix@node-l# edit groups re0 

[edit groups re0]
iometrix@node-l# load update relative group-member0-acx-l.conf 
load complete

[edit groups re0]
iometrix@node-l# exit 

[edit]
iometrix@node-l# set apply-groups global 

[edit]
iometrix@node-l# set apply-groups re0 

[edit]
iometrix@node-l# commit 
commit complete

[edit]
iometrix@node-l# exit 
Exiting configuration mode

