--- JUNOS 12.3X54-D15.3 built 2014-11-29 23:21:25 UTC

iometrix@node-r> 

iometrix@node-r> edit 
Entering configuration mode

[edit]
iometrix@node-r# save evplan-1-acx-r.conf 
Wrote 470 lines of configuration to 'evplan-1-acx-r.conf'

[edit]
iometrix@node-r# exit 
Exiting configuration mode

iometrix@node-r> ftp 172.29.96.191 
Connected to 172.29.96.191.
220-FileZilla Server version 0.9.48 beta
220-written by Tim Kosse (tim.kosse@filezilla-project.org)
220 Please visit http://sourceforge.net/projects/filezilla/
Name (172.29.96.191:iometrix): iometrix
331 Password required for iometrix
Password:
230 Logged on
Remote system type is UNIX.
ftp> binary
200 Type set to I
ftp> cd  ./tested/E-LAN
250 CWD successful. "/tested/E-LAN" is current directory.
ftp> put evplan-1-acx-r.conf evplan-1-acx-r.conf
local: evplan-1-acx-r.conf remote: evplan-1-acx-r.conf
200 Port command successful
150 Opening data channel for file upload to server of "/tested/E-LAN/evplan-1-acx-r.conf"
100% |****************************************| 14022       00:00 ETA
226 Successfully transferred "/tested/E-LAN/evplan-1-acx-r.conf"
14022 bytes sent in 0.10 seconds (140.31 KB/s)
--- JUNOS 12.3X54-D15.3 built 2014-11-29 23:21:25 UTC

iometrix@node-r> 

iometrix@node-r> 

iometrix@node-r> edit 
Entering configuration mode

[edit]
iometrix@node-r# edit groups global 

[edit groups global]
iometrix@node-r# save grp-global-original.conf 
Wrote 335 lines of configuration to 'grp-global-original.conf'

[edit groups global]
iometrix@node-r# exit 

[edit]
iometrix@node-r# exit 
Exiting configuration mode

iometrix@node-r> ftp 172.29.96.191 
Connected to 172.29.96.191.
220-FileZilla Server version 0.9.48 beta
220-written by Tim Kosse (tim.kosse@filezilla-project.org)
220 Please visit http://sourceforge.net/projects/filezilla/
Name (172.29.96.191:iometrix): iometrix
331 Password required for iometrix
Password:
230 Logged on
Remote system type is UNIX.
ftp> binary
200 Type set to I
ftp> get  ./group-global-acx-r.conf group-global-acx-r.conf
local: group-global-acx-r.conf remote: ./group-global-acx-r.conf
200 Port command successful
150 Opening data channel for file download from server of "/group-global-acx-r.conf"
100% |****************************************|   986       00:00 ETA
226 Successfully transferred "/group-global-acx-r.conf"
986 bytes received in 0.06 seconds (17.41 KB/s)
ftp> get  ./group-member0-acx-r.conf group-member0-acx-r.conf
local: group-member0-acx-r.conf remote: ./group-member0-acx-r.conf
200 Port command successful
150 Opening data channel for file download from server of "/group-member0-acx-r.conf"
100% |****************************************|   188       00:00 ETA
226 Successfully transferred "/group-member0-acx-r.conf"
188 bytes received in 0.05 seconds (3.37 KB/s)
ftp> get ./E-LAN/evplan-1-acx-r.conf evplan-1-acx-r.conf
local: evplan-1-acx-r.conf remote: ./E-LAN/evplan-1-acx-r.conf
200 Port command successful
150 Opening data channel for file download from server of "/E-LAN/evplan-1-acx-r.conf"
100% |****************************************|  9674       00:00 ETA
226 Successfully transferred "/E-LAN/evplan-1-acx-r.conf"
9674 bytes received in 0.11 seconds (85.85 KB/s)
ftp> quit
221 Goodbye

iometrix@node-r> edit 
Entering configuration mode

[edit]
iometrix@node-r# load update evplan-1-acx-r.conf 
load complete

[edit]
iometrix@node-r# load replace grp-global-original.conf 
load complete

[edit]
iometrix@node-r# edit groups global 

[edit groups global]
iometrix@node-r# load merge relative group-global-acx-r.conf 
load complete

[edit groups global]
iometrix@node-r# exit 

[edit]
iometrix@node-r# edit groups re0 

[edit groups re0]
iometrix@node-r# load update relative group-member0-acx-r.conf 
load complete

[edit groups re0]
iometrix@node-r# exit 

[edit]
iometrix@node-r# set apply-groups global 

[edit]
iometrix@node-r# set apply-groups re0 

[edit]
iometrix@node-r# commit 
commit complete

[edit]
