--- JUNOS 12.3-20140528_acx_x54_s4.0 built 2014-05-28 18:14:01 UTC

iometrix@acx2k-l> 

iometrix@acx2k-l> 

iometrix@acx2k-l> edit 
Entering configuration mode
Users currently editing the configuration:
  root terminal u0 (pid 30756) on since 2015-10-18 20:07:13 PDT, idle 04:31:10
      [edit]

[edit]
iometrix@acx2k-l# edit groups global 

[edit groups global]
iometrix@acx2k-l# save grp-global-original.conf 
Wrote 335 lines of configuration to 'grp-global-original.conf'

[edit groups global]
iometrix@acx2k-l# exit 

[edit]
iometrix@acx2k-l# exit 
Exiting configuration mode

iometrix@acx2k-l> ftp 172.29.101.168 
ftp: connect: Connection refused
--- JUNOS 12.3-20140528_acx_x54_s4.0 built 2014-05-28 18:14:01 UTC

iometrix@acx2k-l> 

iometrix@acx2k-l> 

iometrix@acx2k-l> edit 
Entering configuration mode
Users currently editing the configuration:
  root terminal u0 (pid 30756) on since 2015-10-18 20:07:13 PDT, idle 04:31:42
      [edit]

[edit]
iometrix@acx2k-l# edit groups global 

[edit groups global]
iometrix@acx2k-l# save grp-global-original.conf 
Wrote 335 lines of configuration to 'grp-global-original.conf'

[edit groups global]
iometrix@acx2k-l# exit 

[edit]
iometrix@acx2k-l# exit 
Exiting configuration mode

iometrix@acx2k-l> ftp 172.29.100.170 
Connected to 172.29.100.170.
220-FileZilla Server version 0.9.48 beta
220-written by Tim Kosse (tim.kosse@filezilla-project.org)
220 Please visit http://sourceforge.net/projects/filezilla/
Name (172.29.100.170:iometrix): iometrix
331 Password required for iometrix
Password:
230 Logged on
Remote system type is UNIX.
ftp> binary
200 Type set to I
ftp> get  ./group-global-acx-l.conf group-global-acx-l.conf
local: group-global-acx-l.conf remote: ./group-global-acx-l.conf
200 Port command successful
150 Opening data channel for file download from server of "/group-global-acx-l.conf"
100% |**********************************************************************************************************************************************************|   986       00:00 ETAA
226 Successfully transferred "/group-global-acx-l.conf"
986 bytes received in 0.05 seconds (17.64 KB/s)
ftp> get  ./group-member0-acx-l.conf group-member0-acx-l.conf
local: group-member0-acx-l.conf remote: ./group-member0-acx-l.conf
200 Port command successful
150 Opening data channel for file download from server of "/group-member0-acx-l.conf"
100% |**********************************************************************************************************************************************************|   189       00:00 ETAA
226 Successfully transferred "/group-member0-acx-l.conf"
189 bytes received in 0.05 seconds (3.75 KB/s)
ftp> get ./E-Line/epl-1-acx-l.conf epl-1-acx-l.conf
local: epl-1-acx-l.conf remote: ./E-Line/epl-1-acx-l.conf
200 Port command successful
150 Opening data channel for file download from server of "/E-Line/epl-1-acx-l.conf"
100% |**********************************************************************************************************************************************************|  6066       00:00 ETAA
226 Successfully transferred "/E-Line/epl-1-acx-l.conf"
6066 bytes received in 0.08 seconds (77.58 KB/s)
ftp> quit
221 Goodbye

iometrix@acx2k-l> edit 
Entering configuration mode
Users currently editing the configuration:
  root terminal u0 (pid 30756) on since 2015-10-18 20:07:13 PDT, idle 04:31:44
      [edit]

[edit]
iometrix@acx2k-l# load update epl-1-acx-l.conf 
load complete

[edit]
iometrix@acx2k-l# load replace grp-global-original.conf 
load complete

[edit]
iometrix@acx2k-l# edit groups global 

[edit groups global]
iometrix@acx2k-l# load merge relative group-global-acx-l.conf 
load complete

[edit groups global]
iometrix@acx2k-l# exit 

[edit]
iometrix@acx2k-l# edit groups re0 

[edit groups re0]
iometrix@acx2k-l# load update relative group-member0-acx-l.conf 
load complete

[edit groups re0]
iometrix@acx2k-l# exit 

[edit]
iometrix@acx2k-l# set apply-groups global 

[edit]
iometrix@acx2k-l# set apply-groups re0 

[edit]
iometrix@acx2k-l# commit 
commit complete

[edit]
iometrix@acx2k-l# exit 
Exiting configuration mode

